
=== TEST #200000 ===
Pass
=== TEST #200001 ===
Pass
=== TEST #200002 ===
13689 -4611 -6331 -3726 
 -789 -18220 -5532 -9385 
  289  8816 -13724 -9315 
-19057 -3985  4221  7314 
=== TEST #200003 ===
 1964  2583 -4283 -6836 -13770  5116 
 9452 -4983 10446  7583 -15969 -4331 
-8994 -5097 -12632 -16029 -8983 -3797 
-3392  5565  -911  6794 13288   562 
    2 -8361  1365 -4868 -5060 -5182 
 6774   687  1871 -1190 -18942  2976 
=== TEST #200004 ===
-1737144 -6514290 4342860 -12015246 
1510560 5664600 -3776400 10448040 
1057392 3965220 -2643480 7313628 
1246212 4673295 -3115530 8619633 
=== TEST #200005 ===
Pass
=== TEST #200006 ===
Pass
=== TEST #200007 ===
Pass
=== TEST #200008 ===
Pass
=== TEST #200009 ===
Pass

=== TEST #201000 ===
  552  -480  -336  -396 
 2070 -1800 -1260 -1485 
-1380  1200   840   990 
 3818 -3320 -2324 -2739 
=== TEST #201001 ===
  -54   -84    95   -44    99   -99 
   13   -96    16    70   -74   -31 
   46    43    97   -35    23    54 
   82   -25    74   -66    19    55 
=== TEST #201002 ===
  -54   -80   -48    28 
  -36    57   -45    24 
  -37   -93   -55   -31 
  -49   -36   -48   -83 
   59    94   -98   -89 
  -33    24   -68    75 
=== TEST #201003 ===
Pass

=== TEST #202000 ===
 1656  6210 -4140 11454 
-1440 -5400  3600 -9960 
-1008 -3780  2520 -6972 
-1188 -4455  2970 -8217 
=== TEST #202001 ===
Pass
=== TEST #202002 ===
Pass
=== TEST #202003 ===
Pass
=== TEST #202004 ===
Pass

=== TEST #203000 ===
 1656  6210 -4140 11454 
-1440 -5400  3600 -9960 
-1008 -3780  2520 -6972 
-1188 -4455  2970 -8217 
=== TEST #203001 ===
Pass
=== TEST #203002 ===
Pass
=== TEST #203003 ===
Pass
=== TEST #203004 ===
Pass

=== TEST #204000 ===
 -552     0     0     0 
    0  1800     0     0 
    0     0  -840     0 
    0     0     0  2739 
=== TEST #204001 ===
  162     0     0     0 
    0   288     0     0 
    0     0  -291     0 
    0     0     0   198 
    0     0     0     0 
    0     0     0     0 
=== TEST #204002 ===
 -162  -108  -111  -147   177   -99 
 -240   171  -279  -108   282    72 
 -144  -135  -165  -144  -294  -204 
   84    72   -93  -249  -267   225 
=== TEST #204003 ===
Pass

=== TEST #205000 ===
  186    -3   141  -102 
 -126    21  -117   174 
  594    42   369    96 
  189   105     0   603 
=== TEST #205001 ===
Pass
=== TEST #205002 ===
Pass
=== TEST #205003 ===
Pass
=== TEST #205004 ===
Pass
=== TEST #205005 ===
Pass
=== TEST #205006 ===
Pass

=== TEST #206000 ===
Pass: matrix_bad_sizes
=== TEST #206001 ===
Pass: matrix_bad_sizes
=== TEST #206002 ===
Pass: matrix_bad_sizes
=== TEST #206003 ===
Pass: matrix_bad_sizes
=== TEST #206004 ===
Pass: matrix_bad_sizes
=== TEST #206005 ===
Pass: matrix_bad_sizes
=== TEST #206006 ===
Pass: matrix_bad_sizes
=== TEST #206007 ===
Pass: matrix_bad_sizes

=== TEST #207000 ===
Pass: matrix_bad_sizes
=== TEST #207001 ===
Pass: matrix_bad_sizes
=== TEST #207002 ===
Pass: matrix_bad_sizes
=== TEST #207003 ===
Pass: matrix_bad_sizes
=== TEST #207004 ===
Pass: matrix_bad_sizes
=== TEST #207005 ===
Pass: matrix_bad_sizes
=== TEST #207006 ===
Pass: matrix_bad_sizes

=== TEST #208000 ===
Pass: matrix_bad_sizes
=== TEST #208001 ===
Pass: matrix_bad_sizes
====================
