
=== TEST #100000 ===

=== TEST #100001 ===
    0     0     0     0     0 
    0     0     0     0     0 
    0     0     0     0     0 
=== TEST #100002 ===
    0     0     0 
    0     0     0 
    0     0     0 
    0     0     0 
    0     0     0 
=== TEST #100003 ===
    0     0     0 
    0     0     0 
    0     0     0 
=== TEST #100004 ===
    0     0     0 
    0     0     0 
    0     0     0 
=== TEST #100005 ===
    0 
=== TEST #100006 ===

=== TEST #100007 ===


=== TEST #101000 ===

=== TEST #101001 ===
    5     5     5     5     5 
    5     5     5     5     5 
    5     5     5     5     5 
=== TEST #101002 ===
    5     5     5 
    5     5     5 
    5     5     5 
    5     5     5 
    5     5     5 
=== TEST #101003 ===
    5     5     5 
    5     5     5 
    5     5     5 
=== TEST #101004 ===
    5     5     5 
    5     5     5 
    5     5     5 
=== TEST #101005 ===
    5 
=== TEST #101006 ===

=== TEST #101007 ===


=== TEST #102000 ===

=== TEST #102001 ===
    1     0     0     0     0 
    0     1     0     0     0 
    0     0     1     0     0 
=== TEST #102002 ===
    1     0     0 
    0     1     0 
    0     0     1 
    0     0     0 
    0     0     0 
=== TEST #102003 ===
    1     0     0 
    0     1     0 
    0     0     1 
=== TEST #102004 ===
    1     0     0 
    0     1     0 
    0     0     1 
=== TEST #102005 ===
    1 
=== TEST #102006 ===

=== TEST #102007 ===


=== TEST #103000 ===

=== TEST #103001 ===
   -3    -4    -4    -4    -4 
   -4    -3    -4    -4    -4 
   -4    -4    -3    -4    -4 
=== TEST #103002 ===
   -3    -4    -4 
   -4    -3    -4 
   -4    -4    -3 
   -4    -4    -4 
   -4    -4    -4 
=== TEST #103003 ===
   -3    -4    -4 
   -4    -3    -4 
   -4    -4    -3 
=== TEST #103004 ===
   -3    -4    -4 
   -4    -3    -4 
   -4    -4    -3 
=== TEST #103005 ===
   -3 
=== TEST #103006 ===

=== TEST #103007 ===


=== TEST #104000 ===

=== TEST #104001 ===
   -3    -4    -4    -4    -4 
   -4    -3    -4    -4    -4 
   -4    -4    -3    -4    -4 
=== TEST #104002 ===
   -3    -4    -4 
   -4    -3    -4 
   -4    -4    -3 
   -4    -4    -4 
   -4    -4    -4 
=== TEST #104003 ===
   -3    -4    -4 
   -4    -3    -4 
   -4    -4    -3 
=== TEST #104004 ===
   -3    -4    -4 
   -4    -3    -4 
   -4    -4    -3 
=== TEST #104005 ===
   -3 
=== TEST #104006 ===

=== TEST #104007 ===


=== TEST #105000 ===
Pass
=== TEST #105001 ===
Pass
=== TEST #105002 ===
Pass
=== TEST #105003 ===
Pass
=== TEST #105004 ===
Pass
=== TEST #105005 ===
Pass
=== TEST #105006 ===
Pass
=== TEST #105007 ===
Pass
=== TEST #105008 ===
Pass

=== TEST #106000 ===

=== TEST #106001 ===
    0     0     0     0     0 
    0     0     0     0     0 
    0     0     0     0     0 
=== TEST #106002 ===
    0     0     0 
    0     0     0 
    0     0     0 
    0     0     0 
    0     0     0 
=== TEST #106003 ===
    0     0     0 
    0     0     0 
    0     0     0 
=== TEST #106004 ===
    0     0     0 
    0     0     0 
    0     0     0 
=== TEST #106005 ===
    0 
=== TEST #106006 ===

=== TEST #106007 ===


=== TEST #107000 ===
Pass
=== TEST #107001 ===
Pass
=== TEST #107002 ===
Pass
=== TEST #107003 ===
Pass
=== TEST #107004 ===
Pass
=== TEST #107005 ===
Pass
=== TEST #107006 ===
Pass
=== TEST #107007 ===
Pass

=== TEST #108000 ===
Pass
=== TEST #108001 ===
Pass
=== TEST #108002 ===
Pass
=== TEST #108003 ===
Pass
=== TEST #108004 ===
Pass
=== TEST #108005 ===
Pass
=== TEST #108006 ===
Pass
=== TEST #108007 ===
Pass
=== TEST #108008 ===
Pass
=== TEST #108009 ===
Pass
=== TEST #108010 ===
Pass
=== TEST #108011 ===
Pass
=== TEST #108012 ===
Pass
=== TEST #108013 ===
Pass
=== TEST #108014 ===
Pass
=== TEST #108015 ===
Pass
=== TEST #108016 ===
Pass
=== TEST #108017 ===
Pass
=== TEST #108018 ===
Pass
=== TEST #108019 ===
Pass
=== TEST #108020 ===
Pass

=== TEST #109000 ===

=== TEST #109001 ===
   -3    -4    -4    -4    -4 
   -4    -3    -4    -4    -4 
   -4    -4    -3    -4    -4 
=== TEST #109002 ===
   -3    -4    -4 
   -4    -3    -4 
   -4    -4    -3 
   -4    -4    -4 
   -4    -4    -4 
=== TEST #109003 ===
   -3    -4    -4 
   -4    -3    -4 
   -4    -4    -3 
=== TEST #109004 ===
   -3    -4    -4 
   -4    -3    -4 
   -4    -4    -3 
=== TEST #109005 ===
   -3 
=== TEST #109006 ===

=== TEST #109007 ===


=== TEST #110000 ===

=== TEST #110001 ===
  -54   -36   -37   -49    59   -33 
  -80    57   -93   -36    94    24 
  -48   -45   -55   -48   -98   -68 
   28    24   -31   -83   -89    75 
=== TEST #110002 ===
  -54    13    46    82 
  -84   -96    43   -25 
   95    16    97    74 
  -44    70   -35   -66 
   99   -74    23    19 
  -99   -31    54    55 
=== TEST #110003 ===
   26   -57    99   -73 
   61    -8   -23    96 
   16    57    97    17 
   23    91   -95   -25 
=== TEST #110004 ===
   85 
=== TEST #110005 ===

=== TEST #110006 ===


=== TEST #111000 ===
Pass: cannot_open_file
=== TEST #111001 ===
Pass: matrix_in_bad_header
=== TEST #111002 ===
Pass: matrix_in_bad_header
=== TEST #111003 ===
Pass: matrix_in_bad_header
=== TEST #111004 ===
Pass: matrix_in_bad_body
=== TEST #111005 ===
Pass: matrix_in_bad_body
=== TEST #111006 ===
Pass: matrix_in_bad_body
=== TEST #111007 ===
Pass: matrix_in_bad_body

=== TEST #112000 ===
56 -55 93 76 97 -1
=== TEST #112001 ===
Row index is out of range
=== TEST #112002 ===
Column index is out of range
=== TEST #112003 ===
Row index is out of range
=== TEST #112004 ===
Row index is out of range
=== TEST #112005 ===
Row index is out of range
=== TEST #112006 ===
Column index is out of range
=== TEST #112007 ===
Row index is out of range
=== TEST #113000 ===
   -4    -4    -4    -4    -4    -4    -4    -4    -4    -4 
   -4    99    -4    -4    -4    -4    -4    -4    -4    97 
   -4    -4    -4    -4    -4    -4    94    -4    -4    -4 
   -4    -4    -4    -4    -4    -4    -4    -4    -4    -4 
   -4    -4    -4    -4    -4    -4    -4    -4    -4    -4 
   -4    -4    -4    -4    -4    -4    -4    -4    -4    -4 
   -4    -4    -4    -4    95    -4    -4    -4    -4    -4 
   -4    -4    -4    -4    -4    -4    -4    -4    -4    -4 
   -4    -4    -4    -4    -4    -4    -4    -4    -4    -4 
   -4    96    -4    -4    -4    -4    -4    -4    -4    98 
=== TEST #113001 ===
Row index is out of range
=== TEST #113002 ===
Column index is out of range
=== TEST #113003 ===
Row index is out of range
=== TEST #113004 ===
Row index is out of range
=== TEST #113005 ===
Row index is out of range
=== TEST #113006 ===
Column index is out of range
=== TEST #113007 ===
Row index is out of range

=== TEST #114000 ===

=== TEST #114001 ===
  -54   -37   -38   -50    58   -34 
  -81    57   -94   -37    93    23 
  -49   -46   -55   -49   -99   -69 
   27    23   -32   -83   -90    74 
=== TEST #114002 ===
  -54    12    45    81 
  -85   -96    42   -26 
   94    15    97    73 
  -45    69   -36   -66 
   98   -75    22    18 
 -100   -32    53    54 
=== TEST #114003 ===
   26   -58    98   -74 
   60    -8   -24    95 
   15    56    97    16 
   22    90   -96   -25 
=== TEST #114004 ===
   85 
=== TEST #114005 ===

=== TEST #114006 ===

=== TEST #114007 ===
Pass
=== TEST #114008 ===
Pass
=== TEST #114009 ===
Pass
=== TEST #114010 ===
Pass: matrix_bad_sizes
=== TEST #114011 ===
Pass: matrix_bad_sizes
=== TEST #114012 ===
Pass: matrix_bad_sizes
Pass: matrix_bad_sizes

=== TEST #115000 ===

=== TEST #115001 ===
  -45   -27   -28   -40    68   -24 
  -71    66   -84   -27   103    33 
  -39   -36   -46   -39   -89   -59 
   37    33   -22   -74   -80    84 
=== TEST #115002 ===
  -45    22    55    91 
  -75   -87    52   -16 
  104    25   106    83 
  -35    79   -26   -57 
  108   -65    32    28 
  -90   -22    63    64 
=== TEST #115003 ===
   35   -48   108   -64 
   70     1   -14   105 
   25    66   106    26 
   32   100   -86   -16 
=== TEST #115004 ===
   94 
=== TEST #115005 ===

=== TEST #115006 ===

=== TEST #115007 ===

=== TEST #115008 ===
  -60   -42   -43   -55    53   -39 
  -86    51   -99   -42    88    18 
  -54   -51   -61   -54  -104   -74 
   22    18   -37   -89   -95    69 
=== TEST #115009 ===
  -60     7    40    76 
  -90  -102    37   -31 
   89    10    91    68 
  -50    64   -41   -72 
   93   -80    17    13 
 -105   -37    48    49 
=== TEST #115010 ===
   20   -63    93   -79 
   55   -14   -29    90 
   10    51    91    11 
   17    85  -101   -31 
=== TEST #115011 ===
   79 
=== TEST #115012 ===

=== TEST #115013 ===


=== TEST #116000 ===

=== TEST #116001 ===
  -54   -35   -36   -48    60   -32 
  -79    57   -92   -35    95    25 
  -47   -44   -55   -47   -97   -67 
   29    25   -30   -83   -88    76 
=== TEST #116002 ===
  -54    14    47    83 
  -83   -96    44   -24 
   96    17    97    75 
  -43    71   -34   -66 
  100   -73    24    20 
  -98   -30    55    56 
=== TEST #116003 ===
   26   -56   100   -72 
   62    -8   -22    97 
   17    58    97    18 
   24    92   -94   -25 
=== TEST #116004 ===
   85 
=== TEST #116005 ===

=== TEST #116006 ===

=== TEST #116007 ===
Pass
=== TEST #116008 ===
Pass
=== TEST #116009 ===
Pass: matrix_bad_sizes
=== TEST #116010 ===
Pass: matrix_bad_sizes
=== TEST #116011 ===
Pass: matrix_bad_sizes
Pass: matrix_bad_sizes

=== TEST #117000 ===

=== TEST #117001 ===
  -63   -45   -46   -58    50   -42 
  -89    48  -102   -45    85    15 
  -57   -54   -64   -57  -107   -77 
   19    15   -40   -92   -98    66 
=== TEST #117002 ===
   63    -4   -37   -73 
   93   105   -34    34 
  -86    -7   -88   -65 
   53   -61    44    75 
  -90    83   -14   -10 
  108    40   -45   -46 
=== TEST #117003 ===
   17   -66    90   -82 
   52   -17   -32    87 
    7    48    88     8 
   14    82  -104   -34 
=== TEST #117004 ===
  -76 
=== TEST #117005 ===

=== TEST #117006 ===

=== TEST #117007 ===

=== TEST #117008 ===
  -48   -30   -31   -43    65   -27 
  -74    63   -87   -30   100    30 
  -42   -39   -49   -42   -92   -62 
   34    30   -25   -77   -83    81 
=== TEST #117009 ===
   48   -19   -52   -88 
   78    90   -49    19 
 -101   -22  -103   -80 
   38   -76    29    60 
 -105    68   -29   -25 
   93    25   -60   -61 
=== TEST #117010 ===
   32   -51   105   -67 
   67    -2   -17   102 
   22    63   103    23 
   29    97   -89   -19 
=== TEST #117011 ===
  -91 
=== TEST #117012 ===

=== TEST #117013 ===

=== TEST #117014 ===
Pass
=== TEST #117015 ===
Pass

=== TEST #118000 ===
Pass: matrix_negative_size
=== TEST #118001 ===
Pass: matrix_negative_size
=== TEST #118002 ===
Pass: matrix_negative_size
====================
