+----------------------------------------------------------+
| List of all records                                      |
+----+-----------------------------------------------------+
|  5 | Tajuplny ostrov                                     |
|    | 1874, Jules Verne                                   |
+----+-----------------------------------------------------+
|  6 | Ocelove mesto                                       |
|    | 1879, Jules Verne                                   |
+----+-----------------------------------------------------+
|  3 | IEEE Transactions on Communications                 |
|    | 1980, 28(8)                                         |
+----+-----------------------------------------------------+
|  1 | IEEE Transaction on Computers                       |
|    | 1986, C-35(10)                                      |
+----+-----------------------------------------------------+
|  2 | IEEE Transaction on Computers                       |
|    | 1986, C-35(11)                                      |
+----+-----------------------------------------------------+
|  4 | Dva roky prazdnin                                   |
|    | 1888, Jules Verne                                   |
+----+-----------------------------------------------------+
| Total: 6                                                 |
+----------------------------------------------------------+
