+----------------------------------------------------------+
| Unknown command "delete"                                 |
+----------------------------------------------------------+
+----------------------------------------------------------+
| ID = 100 is not in the database                          |
+----------------------------------------------------------+
+----------------------------------------------------------+
| List of all records                                      |
+----+-----------------------------------------------------+
|  1 | IEEE Transaction on Computers                       |
|    | 1986, C-35(10)                                      |
+----+-----------------------------------------------------+
|  3 | IEEE Transactions on Communications                 |
|    | 1980, 28(8)                                         |
+----+-----------------------------------------------------+
|  5 | Tajuplny ostrov                                     |
|    | 1874, Jules Verne                                   |
+----+-----------------------------------------------------+
|  6 | Ocelove mesto                                       |
|    | 1879, Jules Verne                                   |
+----+-----------------------------------------------------+
| Total: 4                                                 |
+----------------------------------------------------------+
